<?xml version="1.0" encoding="UTF-8"?>
<!-- Generated by org.testng.reporters.JUnitReportReporter -->
<testsuite hostname="LAPTOP-P8C1BIO0" failures="0" tests="6" name="testRunner.testngRunner" time="60.599" errors="0" timestamp="2023-08-02T12:04:56 MYT" skipped="0">
  <testcase classname="testRunner.testngRunner" name="runScenario" time="11.543"/>
  <system-out/>
  <testcase classname="testRunner.testngRunner" name="runScenario" time="6.128"/>
  <system-out/>
  <testcase classname="testRunner.testngRunner" name="runScenario" time="16.333"/>
  <system-out/>
  <testcase classname="testRunner.testngRunner" name="runScenario" time="7.597"/>
  <system-out/>
  <testcase classname="testRunner.testngRunner" name="runScenario" time="8.958"/>
  <system-out/>
  <testcase classname="testRunner.testngRunner" name="runScenario" time="10.040"/>
  <system-out/>
</testsuite> <!-- testRunner.testngRunner -->
