<?xml version="1.0" encoding="UTF-8"?>
<!-- Generated by org.testng.reporters.JUnitReportReporter -->
<testsuite hostname="Ravi-PC" failures="0" tests="1" name="com.webApp.Test.CIMB_TC1" time="43.833" errors="0" timestamp="2021-04-05T21:38:10 IST" skipped="0">
  <testcase classname="com.webApp.Test.CIMB_TC1" name="TC1" time="43.833"/>
  <system-out/>
</testsuite> <!-- com.webApp.Test.CIMB_TC1 -->
