<?xml version="1.0" encoding="UTF-8"?>
<!-- Generated by org.testng.reporters.JUnitReportReporter -->
<testsuite hostname="LAPTOP-P8C1BIO0" failures="0" tests="1" name="com.webApp.pageObjects.test" time="4.864" errors="0" timestamp="2023-07-29T12:08:53 MYT" skipped="0">
  <testcase classname="com.webApp.pageObjects.test" name="demo" time="4.864"/>
  <system-out/>
</testsuite> <!-- com.webApp.pageObjects.test -->
