<?xml version="1.0" encoding="UTF-8"?>
<!-- Generated by org.testng.reporters.JUnitReportReporter -->
<testsuite hostname="Ravi-PC" failures="0" tests="1" name="com.webApp.Test.CIMB_TC2" time="24.935" errors="0" timestamp="2021-04-05T21:38:10 IST" skipped="0">
  <testcase classname="com.webApp.Test.CIMB_TC2" name="TC2" time="24.935"/>
  <system-out/>
</testsuite> <!-- com.webApp.Test.CIMB_TC2 -->
