<?xml version="1.0" encoding="UTF-8"?>
<!-- Generated by org.testng.reporters.JUnitReportReporter -->
<testsuite hostname="LAPTOP-P8C1BIO0" failures="0" tests="1" name="com.webApp.pageObjects.Steps" time="4.087" errors="0" timestamp="2023-07-29T12:48:35 MYT" skipped="0">
  <testcase classname="com.webApp.pageObjects.Steps" name="launch_Chrome_Browser" time="4.087"/>
  <system-out/>
</testsuite> <!-- com.webApp.pageObjects.Steps -->
