<?xml version="1.0" encoding="UTF-8"?>
<!-- Generated by org.testng.reporters.JUnitReportReporter -->
<testsuite hostname="LAPTOP-P8C1BIO0" failures="0" tests="1" name="pageObjects.Steps" time="5.441" errors="0" timestamp="2023-07-29T15:53:44 MYT" skipped="0">
  <testcase classname="pageObjects.Steps" name="launch_Chrome_Browser" time="5.441"/>
  <system-out/>
</testsuite> <!-- pageObjects.Steps -->
